Arguments: 
  /usr/local/Cellar/node/13.13.0_1/bin/node /usr/local/Cellar/yarn/1.22.4/libexec/bin/yarn.js add serverless-dynamod-autoscaling

PATH: 
  /Users/mnjn/Developer/Tools/google-cloud-sdk/bin:/usr/local/sbin:/Users/mnjn/Developer/Go/bin:/usr/local/opt/sqlite/bin:/usr/local/lib/ruby/gems/2.6.0/bin:/usr/local/opt/ruby/bin:/Applications/Sublime Text.app/Contents/SharedSupport/bin:/Users/mnjn/Developer/Tools/google-cloud-sdk/bin:/usr/local/sbin:/Users/mnjn/Developer/Go/bin:/usr/local/opt/sqlite/bin:/usr/local/lib/ruby/gems/2.6.0/bin:/usr/local/opt/ruby/bin:/Applications/Sublime Text.app/Contents/SharedSupport/bin:/usr/local/bin:/usr/bin:/bin:/usr/sbin:/sbin:/Applications/VMware Fusion.app/Contents/Public:/usr/local/MacGPG2/bin:/Library/Apple/usr/bin

Yarn version: 
  1.22.4

Node version: 
  13.13.0

Platform: 
  darwin x64

Trace: 
  Error: https://registry.yarnpkg.com/serverless-dynamod-autoscaling: Not found
      at Request.params.callback [as _callback] (/usr/local/Cellar/yarn/1.22.4/libexec/lib/cli.js:66987:18)
      at Request.self.callback (/usr/local/Cellar/yarn/1.22.4/libexec/lib/cli.js:140748:22)
      at Request.emit (events.js:315:20)
      at Request.<anonymous> (/usr/local/Cellar/yarn/1.22.4/libexec/lib/cli.js:141720:10)
      at Request.emit (events.js:315:20)
      at IncomingMessage.<anonymous> (/usr/local/Cellar/yarn/1.22.4/libexec/lib/cli.js:141642:12)
      at Object.onceWrapper (events.js:421:28)
      at IncomingMessage.emit (events.js:327:22)
      at endReadableNT (_stream_readable.js:1201:12)
      at processTicksAndRejections (internal/process/task_queues.js:84:21)

npm manifest: 
  {
    "name": "catrl",
    "version": "1.0.0",
    "main": "handler.js",
    "repository": "https://github.com/itsmnjn/catrl.git",
    "author": "Min Jun Kim <mk7pe@virginia.edu>",
    "license": "MIT"
  }

yarn manifest: 
  No manifest

Lockfile: 
  No lockfile
